Vivado Simulator v2025.1.0
Copyright 1986-2022 Xilinx, Inc. All Rights Reserved.
Copyright 2022-2025 Advanced Micro Devices, Inc. All Rights Reserved.
Running: C:/Xilinx/2025.1/Vivado/bin/unwrapped/win64.o/xelab.exe --incr --debug typical --relax --mt 2 -L xil_defaultlib -L xbip_utils_v3_0_14 -L axi_utils_v2_0_10 -L xbip_pipe_v3_0_10 -L xbip_dsp48_wrapper_v3_0_7 -L mult_gen_v12_0_23 -L floating_point_v7_0_25 -L div_gen_v5_1_24 -L c_reg_fd_v12_0_10 -L c_addsub_v12_0_20 -L cordic_v6_0_24 -L uvm -L unisims_ver -L unimacro_ver -L secureip -L xpm --snapshot ThresholdDetector_tb_behav xil_defaultlib.ThresholdDetector_tb xil_defaultlib.glbl -log elaborate.log 
Using 2 slave threads.
Starting static elaboration
Pass Through NonSizing Optimizer
WARNING: [VRFC 10-3091] actual bit length 32 differs from formal bit length 33 for port 'result_real' [C:/Users/fsydere/Workspace/IFM/IFM_RTL/IFM_RTL.srcs/sources_1/new/IFM.v:126]
WARNING: [VRFC 10-3091] actual bit length 32 differs from formal bit length 33 for port 'result_imag' [C:/Users/fsydere/Workspace/IFM/IFM_RTL/IFM_RTL.srcs/sources_1/new/IFM.v:127]
WARNING: [VRFC 10-3091] actual bit length 32 differs from formal bit length 33 for port 'result_real' [C:/Users/fsydere/Workspace/IFM/IFM_RTL/IFM_RTL.srcs/sources_1/new/IFM.v:140]
WARNING: [VRFC 10-3091] actual bit length 32 differs from formal bit length 33 for port 'result_imag' [C:/Users/fsydere/Workspace/IFM/IFM_RTL/IFM_RTL.srcs/sources_1/new/IFM.v:141]
Completed static elaboration
Starting simulation data flow analysis
Completed simulation data flow analysis
Time Resolution for simulation is 1ps
Compiling package std.standard
Compiling package std.textio
Compiling package ieee.std_logic_1164
Compiling package ieee.numeric_std
Compiling package cordic_v6_0_24.cordic_v6_0_24_viv_comp
Compiling package xbip_utils_v3_0_14.xbip_utils_v3_0_14_pkg
Compiling package xbip_pipe_v3_0_10.xbip_pipe_v3_0_10_viv_comp
Compiling package axi_utils_v2_0_10.axi_utils_v2_0_10_pkg
Compiling package ieee.math_real
Compiling package axi_utils_v2_0_10.global_util_pkg
Compiling package axi_utils_v2_0_10.axi_utils_comps
Compiling package mult_gen_v12_0_23.mult_gen_v12_0_23_pkg
Compiling package ieee.std_logic_arith
Compiling package ieee.std_logic_signed
Compiling package cordic_v6_0_24.cordic_pack
Compiling package cordic_v6_0_24.cordic_hdl_comps
Compiling package c_addsub_v12_0_20.c_addsub_v12_0_20_viv_comp
Compiling package c_addsub_v12_0_20.c_addsub_v12_0_20_pkg
Compiling package c_addsub_v12_0_20.c_addsub_v12_0_20_pkg_legacy
Compiling package c_reg_fd_v12_0_10.c_reg_fd_v12_0_10_viv_comp
Compiling package unisim.vcomponents
Compiling package div_gen_v5_1_24.div_gen_v5_1_24_viv_comp
Compiling package ieee.std_logic_unsigned
Compiling package div_gen_v5_1_24.div_gen_pkg
Compiling package mult_gen_v12_0_23.mult_gen_v12_0_23_viv_comp
Compiling package floating_point_v7_0_25.floating_point_v7_0_25_viv_comp
Compiling package floating_point_v7_0_25.floating_point_v7_0_25_consts
Compiling package floating_point_v7_0_25.floating_point_v7_0_25_exp_table...
Compiling package floating_point_v7_0_25.floating_point_v7_0_25_pkg
Compiling package floating_point_v7_0_25.flt_utils
Compiling package floating_point_v7_0_25.vt2mutils
Compiling package floating_point_v7_0_25.vt2mcomps
Compiling package xbip_dsp48_wrapper_v3_0_7.xbip_dsp48_wrapper_v3_0_7_pkg
Compiling package ieee.vital_timing
Compiling package ieee.vital_primitives
Compiling package unisim.vpkg
Compiling package mult_gen_v12_0_23.dsp_pkg
Compiling module xil_defaultlib.envelope_generator
Compiling module xil_defaultlib.complex_mult
Compiling architecture synth of entity xbip_pipe_v3_0_10.xbip_pipe_v3_0_10_viv [\xbip_pipe_v3_0_10_viv(c_latency...]
Compiling architecture structural of entity c_reg_fd_v12_0_10.c_reg_fd_v12_0_10_viv [\c_reg_fd_v12_0_10_viv(c_width=2...]
Compiling architecture muxcy_v of entity unisim.MUXCY [muxcy_default]
Compiling architecture xorcy_v of entity unisim.XORCY [xorcy_default]
Compiling architecture rtl of entity c_addsub_v12_0_20.c_addsub_v12_0_20_lut6_legacy [\c_addsub_v12_0_20_lut6_legacy(c...]
Compiling architecture synth of entity c_addsub_v12_0_20.c_addsub_v12_0_20_fabric_legacy [\c_addsub_v12_0_20_fabric_legacy...]
Compiling architecture synth of entity c_addsub_v12_0_20.c_addsub_v12_0_20_legacy [\c_addsub_v12_0_20_legacy(c_fami...]
Compiling architecture synth of entity c_addsub_v12_0_20.c_addsub_v12_0_20_viv [\c_addsub_v12_0_20_viv(c_xdevice...]
Compiling architecture synth of entity cordic_v6_0_24.addsub [\addsub(family="zynq",add_mode=1...]
Compiling architecture rtl of entity c_addsub_v12_0_20.c_addsub_v12_0_20_lut6_legacy [\c_addsub_v12_0_20_lut6_legacy(c...]
Compiling architecture synth of entity c_addsub_v12_0_20.c_addsub_v12_0_20_fabric_legacy [\c_addsub_v12_0_20_fabric_legacy...]
Compiling architecture synth of entity c_addsub_v12_0_20.c_addsub_v12_0_20_legacy [\c_addsub_v12_0_20_legacy(c_fami...]
Compiling architecture synth of entity c_addsub_v12_0_20.c_addsub_v12_0_20_viv [\c_addsub_v12_0_20_viv(c_xdevice...]
Compiling architecture synth of entity cordic_v6_0_24.addsub [\addsub(family="zynq",add_mode=0...]
Compiling architecture struct_all of entity cordic_v6_0_24.delay [\delay(delay_len=1,family="zynq"...]
Compiling architecture structural of entity c_reg_fd_v12_0_10.c_reg_fd_v12_0_10_viv [\c_reg_fd_v12_0_10_viv(c_width=2...]
Compiling architecture rtl of entity c_addsub_v12_0_20.c_addsub_v12_0_20_lut6_legacy [\c_addsub_v12_0_20_lut6_legacy(c...]
Compiling architecture synth of entity c_addsub_v12_0_20.c_addsub_v12_0_20_fabric_legacy [\c_addsub_v12_0_20_fabric_legacy...]
Compiling architecture synth of entity c_addsub_v12_0_20.c_addsub_v12_0_20_legacy [\c_addsub_v12_0_20_legacy(c_fami...]
Compiling architecture synth of entity c_addsub_v12_0_20.c_addsub_v12_0_20_viv [\c_addsub_v12_0_20_viv(c_xdevice...]
Compiling architecture synth of entity cordic_v6_0_24.addsub [\addsub(family="zynq",add_mode=2...]
Compiling architecture struct_all of entity cordic_v6_0_24.delay [\delay(delay_len=1,family="zynq"...]
Compiling architecture struct_all of entity cordic_v6_0_24.delay_bit [\delay_bit(delay_len=2,family="z...]
Compiling architecture synth of entity cordic_v6_0_24.cordic_inp_config [\cordic_inp_config(p_xdevicefami...]
Compiling architecture synth of entity cordic_v6_0_24.cordic_dat_acc_slice_par [\cordic_dat_acc_slice_par(p_xdev...]
Compiling architecture synth of entity cordic_v6_0_24.cordic_pha_acc_slice_par [\cordic_pha_acc_slice_par(p_xdev...]
Compiling architecture struct_all of entity cordic_v6_0_24.delay [\delay(delay_len=1,family="zynq"...]
Compiling architecture struct_all of entity cordic_v6_0_24.delay_bit [\delay_bit(delay_len=1,family="z...]
Compiling architecture synth of entity cordic_v6_0_24.cordic_ctrl_slice_par [\cordic_ctrl_slice_par(p_xdevice...]
Compiling architecture synth of entity cordic_v6_0_24.cordic_eng_slice_par [\cordic_eng_slice_par(p_xdevicef...]
Compiling architecture synth of entity cordic_v6_0_24.cordic_dat_acc_slice_par [\cordic_dat_acc_slice_par(p_xdev...]
Compiling architecture synth of entity cordic_v6_0_24.cordic_eng_slice_par [\cordic_eng_slice_par(p_xdevicef...]
Compiling architecture synth of entity cordic_v6_0_24.cordic_dat_acc_slice_par [\cordic_dat_acc_slice_par(p_xdev...]
Compiling architecture synth of entity cordic_v6_0_24.cordic_eng_slice_par [\cordic_eng_slice_par(p_xdevicef...]
Compiling architecture synth of entity cordic_v6_0_24.cordic_dat_acc_slice_par [\cordic_dat_acc_slice_par(p_xdev...]
Compiling architecture synth of entity cordic_v6_0_24.cordic_eng_slice_par [\cordic_eng_slice_par(p_xdevicef...]
Compiling architecture synth of entity cordic_v6_0_24.cordic_dat_acc_slice_par [\cordic_dat_acc_slice_par(p_xdev...]
Compiling architecture synth of entity cordic_v6_0_24.cordic_eng_slice_par [\cordic_eng_slice_par(p_xdevicef...]
Compiling architecture synth of entity cordic_v6_0_24.cordic_dat_acc_slice_par [\cordic_dat_acc_slice_par(p_xdev...]
Compiling architecture synth of entity cordic_v6_0_24.cordic_eng_slice_par [\cordic_eng_slice_par(p_xdevicef...]
Compiling architecture synth of entity cordic_v6_0_24.cordic_dat_acc_slice_par [\cordic_dat_acc_slice_par(p_xdev...]
Compiling architecture synth of entity cordic_v6_0_24.cordic_eng_slice_par [\cordic_eng_slice_par(p_xdevicef...]
Compiling architecture synth of entity cordic_v6_0_24.cordic_dat_acc_slice_par [\cordic_dat_acc_slice_par(p_xdev...]
Compiling architecture synth of entity cordic_v6_0_24.cordic_eng_slice_par [\cordic_eng_slice_par(p_xdevicef...]
Compiling architecture synth of entity cordic_v6_0_24.cordic_dat_acc_slice_par [\cordic_dat_acc_slice_par(p_xdev...]
Compiling architecture synth of entity cordic_v6_0_24.cordic_eng_slice_par [\cordic_eng_slice_par(p_xdevicef...]
Compiling architecture synth of entity cordic_v6_0_24.cordic_dat_acc_slice_par [\cordic_dat_acc_slice_par(p_xdev...]
Compiling architecture synth of entity cordic_v6_0_24.cordic_eng_slice_par [\cordic_eng_slice_par(p_xdevicef...]
Compiling architecture synth of entity cordic_v6_0_24.cordic_dat_acc_slice_par [\cordic_dat_acc_slice_par(p_xdev...]
Compiling architecture synth of entity cordic_v6_0_24.cordic_eng_slice_par [\cordic_eng_slice_par(p_xdevicef...]
Compiling architecture synth of entity cordic_v6_0_24.cordic_dat_acc_slice_par [\cordic_dat_acc_slice_par(p_xdev...]
Compiling architecture synth of entity cordic_v6_0_24.cordic_eng_slice_par [\cordic_eng_slice_par(p_xdevicef...]
Compiling architecture synth of entity cordic_v6_0_24.cordic_dat_acc_slice_par [\cordic_dat_acc_slice_par(p_xdev...]
Compiling architecture synth of entity cordic_v6_0_24.cordic_eng_slice_par [\cordic_eng_slice_par(p_xdevicef...]
Compiling architecture synth of entity cordic_v6_0_24.cordic_dat_acc_slice_par [\cordic_dat_acc_slice_par(p_xdev...]
Compiling architecture synth of entity cordic_v6_0_24.cordic_eng_slice_par [\cordic_eng_slice_par(p_xdevicef...]
Compiling architecture synth of entity cordic_v6_0_24.cordic_eng [\cordic_eng(p_xdevicefamily="zyn...]
Compiling architecture structural of entity c_reg_fd_v12_0_10.c_reg_fd_v12_0_10_viv [\c_reg_fd_v12_0_10_viv(c_width=2...]
Compiling architecture rtl of entity c_addsub_v12_0_20.c_addsub_v12_0_20_lut6_legacy [\c_addsub_v12_0_20_lut6_legacy(c...]
Compiling architecture synth of entity c_addsub_v12_0_20.c_addsub_v12_0_20_fabric_legacy [\c_addsub_v12_0_20_fabric_legacy...]
Compiling architecture synth of entity c_addsub_v12_0_20.c_addsub_v12_0_20_legacy [\c_addsub_v12_0_20_legacy(c_fami...]
Compiling architecture synth of entity c_addsub_v12_0_20.c_addsub_v12_0_20_viv [\c_addsub_v12_0_20_viv(c_xdevice...]
Compiling architecture synth of entity cordic_v6_0_24.addsub [\addsub(family="zynq",add_mode=0...]
Compiling architecture synth of entity cordic_v6_0_24.cordic_round [\cordic_round(p_xdevicefamily="z...]
Compiling architecture struct_all of entity cordic_v6_0_24.delay_bit [\delay_bit(delay_len=0,family="z...]
Compiling architecture synth of entity cordic_v6_0_24.cordic_out_config [\cordic_out_config(p_xdevicefami...]
Compiling architecture synth of entity cordic_v6_0_24.cordic_v6_0_24_synth [\cordic_v6_0_24_synth(c_architec...]
Compiling architecture synth of entity cordic_v6_0_24.cordic_v6_0_24_viv [\cordic_v6_0_24_viv(c_architectu...]
Compiling architecture xilinx of entity cordic_v6_0_24.cordic_v6_0_24 [\cordic_v6_0_24(c_architecture=2...]
Compiling architecture cordic_0_arch of entity xil_defaultlib.cordic_0 [cordic_0_default]
Compiling architecture synth of entity xbip_pipe_v3_0_10.xbip_pipe_v3_0_10_viv [\xbip_pipe_v3_0_10_viv(c_latency...]
Compiling architecture structural of entity c_reg_fd_v12_0_10.c_reg_fd_v12_0_10_viv [\c_reg_fd_v12_0_10_viv(c_width=3...]
Compiling architecture rtl of entity c_addsub_v12_0_20.c_addsub_v12_0_20_lut6_legacy [\c_addsub_v12_0_20_lut6_legacy(c...]
Compiling architecture synth of entity c_addsub_v12_0_20.c_addsub_v12_0_20_fabric_legacy [\c_addsub_v12_0_20_fabric_legacy...]
Compiling architecture synth of entity c_addsub_v12_0_20.c_addsub_v12_0_20_legacy [\c_addsub_v12_0_20_legacy(c_fami...]
Compiling architecture synth of entity c_addsub_v12_0_20.c_addsub_v12_0_20_viv [\c_addsub_v12_0_20_viv(c_xdevice...]
Compiling architecture synth of entity cordic_v6_0_24.addsub [\addsub(family="zynq",add_mode=1...]
Compiling architecture rtl of entity c_addsub_v12_0_20.c_addsub_v12_0_20_lut6_legacy [\c_addsub_v12_0_20_lut6_legacy(c...]
Compiling architecture synth of entity c_addsub_v12_0_20.c_addsub_v12_0_20_fabric_legacy [\c_addsub_v12_0_20_fabric_legacy...]
Compiling architecture synth of entity c_addsub_v12_0_20.c_addsub_v12_0_20_legacy [\c_addsub_v12_0_20_legacy(c_fami...]
Compiling architecture synth of entity c_addsub_v12_0_20.c_addsub_v12_0_20_viv [\c_addsub_v12_0_20_viv(c_xdevice...]
Compiling architecture synth of entity cordic_v6_0_24.addsub [\addsub(family="zynq",add_mode=0...]
Compiling architecture struct_all of entity cordic_v6_0_24.delay [\delay(delay_len=1,family="zynq"...]
Compiling architecture structural of entity c_reg_fd_v12_0_10.c_reg_fd_v12_0_10_viv [\c_reg_fd_v12_0_10_viv(c_width=3...]
Compiling architecture rtl of entity c_addsub_v12_0_20.c_addsub_v12_0_20_lut6_legacy [\c_addsub_v12_0_20_lut6_legacy(c...]
Compiling architecture synth of entity c_addsub_v12_0_20.c_addsub_v12_0_20_fabric_legacy [\c_addsub_v12_0_20_fabric_legacy...]
Compiling architecture synth of entity c_addsub_v12_0_20.c_addsub_v12_0_20_legacy [\c_addsub_v12_0_20_legacy(c_fami...]
Compiling architecture synth of entity c_addsub_v12_0_20.c_addsub_v12_0_20_viv [\c_addsub_v12_0_20_viv(c_xdevice...]
Compiling architecture synth of entity cordic_v6_0_24.addsub [\addsub(family="zynq",add_mode=2...]
Compiling architecture synth of entity cordic_v6_0_24.cordic_inp_config [\cordic_inp_config(p_xdevicefami...]
Compiling architecture synth of entity cordic_v6_0_24.cordic_dat_acc_slice_par [\cordic_dat_acc_slice_par(p_xdev...]
Compiling architecture synth of entity cordic_v6_0_24.cordic_pha_acc_slice_par [\cordic_pha_acc_slice_par(p_xdev...]
Compiling architecture synth of entity cordic_v6_0_24.cordic_eng_slice_par [\cordic_eng_slice_par(p_xdevicef...]
Compiling architecture synth of entity cordic_v6_0_24.cordic_dat_acc_slice_par [\cordic_dat_acc_slice_par(p_xdev...]
Compiling architecture synth of entity cordic_v6_0_24.cordic_eng_slice_par [\cordic_eng_slice_par(p_xdevicef...]
Compiling architecture synth of entity cordic_v6_0_24.cordic_dat_acc_slice_par [\cordic_dat_acc_slice_par(p_xdev...]
Compiling architecture synth of entity cordic_v6_0_24.cordic_eng_slice_par [\cordic_eng_slice_par(p_xdevicef...]
Compiling architecture synth of entity cordic_v6_0_24.cordic_dat_acc_slice_par [\cordic_dat_acc_slice_par(p_xdev...]
Compiling architecture synth of entity cordic_v6_0_24.cordic_eng_slice_par [\cordic_eng_slice_par(p_xdevicef...]
Compiling architecture synth of entity cordic_v6_0_24.cordic_dat_acc_slice_par [\cordic_dat_acc_slice_par(p_xdev...]
Compiling architecture synth of entity cordic_v6_0_24.cordic_eng_slice_par [\cordic_eng_slice_par(p_xdevicef...]
Compiling architecture synth of entity cordic_v6_0_24.cordic_dat_acc_slice_par [\cordic_dat_acc_slice_par(p_xdev...]
Compiling architecture synth of entity cordic_v6_0_24.cordic_eng_slice_par [\cordic_eng_slice_par(p_xdevicef...]
Compiling architecture synth of entity cordic_v6_0_24.cordic_dat_acc_slice_par [\cordic_dat_acc_slice_par(p_xdev...]
Compiling architecture synth of entity cordic_v6_0_24.cordic_eng_slice_par [\cordic_eng_slice_par(p_xdevicef...]
Compiling architecture synth of entity cordic_v6_0_24.cordic_dat_acc_slice_par [\cordic_dat_acc_slice_par(p_xdev...]
Compiling architecture synth of entity cordic_v6_0_24.cordic_eng_slice_par [\cordic_eng_slice_par(p_xdevicef...]
Compiling architecture synth of entity cordic_v6_0_24.cordic_dat_acc_slice_par [\cordic_dat_acc_slice_par(p_xdev...]
Compiling architecture synth of entity cordic_v6_0_24.cordic_eng_slice_par [\cordic_eng_slice_par(p_xdevicef...]
Compiling architecture synth of entity cordic_v6_0_24.cordic_dat_acc_slice_par [\cordic_dat_acc_slice_par(p_xdev...]
Compiling architecture synth of entity cordic_v6_0_24.cordic_eng_slice_par [\cordic_eng_slice_par(p_xdevicef...]
Compiling architecture synth of entity cordic_v6_0_24.cordic_dat_acc_slice_par [\cordic_dat_acc_slice_par(p_xdev...]
Compiling architecture synth of entity cordic_v6_0_24.cordic_eng_slice_par [\cordic_eng_slice_par(p_xdevicef...]
Compiling architecture synth of entity cordic_v6_0_24.cordic_dat_acc_slice_par [\cordic_dat_acc_slice_par(p_xdev...]
Compiling architecture synth of entity cordic_v6_0_24.cordic_eng_slice_par [\cordic_eng_slice_par(p_xdevicef...]
Compiling architecture synth of entity cordic_v6_0_24.cordic_dat_acc_slice_par [\cordic_dat_acc_slice_par(p_xdev...]
Compiling architecture synth of entity cordic_v6_0_24.cordic_eng_slice_par [\cordic_eng_slice_par(p_xdevicef...]
Compiling architecture synth of entity cordic_v6_0_24.cordic_dat_acc_slice_par [\cordic_dat_acc_slice_par(p_xdev...]
Compiling architecture synth of entity cordic_v6_0_24.cordic_eng_slice_par [\cordic_eng_slice_par(p_xdevicef...]
Compiling architecture synth of entity cordic_v6_0_24.cordic_dat_acc_slice_par [\cordic_dat_acc_slice_par(p_xdev...]
Compiling architecture synth of entity cordic_v6_0_24.cordic_eng_slice_par [\cordic_eng_slice_par(p_xdevicef...]
Compiling architecture synth of entity cordic_v6_0_24.cordic_dat_acc_slice_par [\cordic_dat_acc_slice_par(p_xdev...]
Compiling architecture synth of entity cordic_v6_0_24.cordic_eng_slice_par [\cordic_eng_slice_par(p_xdevicef...]
Compiling architecture synth of entity cordic_v6_0_24.cordic_dat_acc_slice_par [\cordic_dat_acc_slice_par(p_xdev...]
Compiling architecture synth of entity cordic_v6_0_24.cordic_eng_slice_par [\cordic_eng_slice_par(p_xdevicef...]
Compiling architecture synth of entity cordic_v6_0_24.cordic_dat_acc_slice_par [\cordic_dat_acc_slice_par(p_xdev...]
Compiling architecture synth of entity cordic_v6_0_24.cordic_eng_slice_par [\cordic_eng_slice_par(p_xdevicef...]
Compiling architecture synth of entity cordic_v6_0_24.cordic_dat_acc_slice_par [\cordic_dat_acc_slice_par(p_xdev...]
Compiling architecture synth of entity cordic_v6_0_24.cordic_eng_slice_par [\cordic_eng_slice_par(p_xdevicef...]
Compiling architecture synth of entity cordic_v6_0_24.cordic_dat_acc_slice_par [\cordic_dat_acc_slice_par(p_xdev...]
Compiling architecture synth of entity cordic_v6_0_24.cordic_eng_slice_par [\cordic_eng_slice_par(p_xdevicef...]
Compiling architecture synth of entity cordic_v6_0_24.cordic_dat_acc_slice_par [\cordic_dat_acc_slice_par(p_xdev...]
Compiling architecture synth of entity cordic_v6_0_24.cordic_eng_slice_par [\cordic_eng_slice_par(p_xdevicef...]
Compiling architecture synth of entity cordic_v6_0_24.cordic_dat_acc_slice_par [\cordic_dat_acc_slice_par(p_xdev...]
Compiling architecture synth of entity cordic_v6_0_24.cordic_eng_slice_par [\cordic_eng_slice_par(p_xdevicef...]
Compiling architecture synth of entity cordic_v6_0_24.cordic_dat_acc_slice_par [\cordic_dat_acc_slice_par(p_xdev...]
Compiling architecture synth of entity cordic_v6_0_24.cordic_eng_slice_par [\cordic_eng_slice_par(p_xdevicef...]
Compiling architecture synth of entity cordic_v6_0_24.cordic_dat_acc_slice_par [\cordic_dat_acc_slice_par(p_xdev...]
Compiling architecture synth of entity cordic_v6_0_24.cordic_eng_slice_par [\cordic_eng_slice_par(p_xdevicef...]
Compiling architecture synth of entity cordic_v6_0_24.cordic_dat_acc_slice_par [\cordic_dat_acc_slice_par(p_xdev...]
Compiling architecture synth of entity cordic_v6_0_24.cordic_eng_slice_par [\cordic_eng_slice_par(p_xdevicef...]
Compiling architecture synth of entity cordic_v6_0_24.cordic_dat_acc_slice_par [\cordic_dat_acc_slice_par(p_xdev...]
Compiling architecture synth of entity cordic_v6_0_24.cordic_eng_slice_par [\cordic_eng_slice_par(p_xdevicef...]
Compiling architecture synth of entity cordic_v6_0_24.cordic_dat_acc_slice_par [\cordic_dat_acc_slice_par(p_xdev...]
Compiling architecture synth of entity cordic_v6_0_24.cordic_eng_slice_par [\cordic_eng_slice_par(p_xdevicef...]
Compiling architecture synth of entity cordic_v6_0_24.cordic_dat_acc_slice_par [\cordic_dat_acc_slice_par(p_xdev...]
Compiling architecture synth of entity cordic_v6_0_24.cordic_eng_slice_par [\cordic_eng_slice_par(p_xdevicef...]
Compiling architecture synth of entity cordic_v6_0_24.cordic_dat_acc_slice_par [\cordic_dat_acc_slice_par(p_xdev...]
Compiling architecture synth of entity cordic_v6_0_24.cordic_eng_slice_par [\cordic_eng_slice_par(p_xdevicef...]
Compiling architecture synth of entity cordic_v6_0_24.cordic_dat_acc_slice_par [\cordic_dat_acc_slice_par(p_xdev...]
Compiling architecture synth of entity cordic_v6_0_24.cordic_eng_slice_par [\cordic_eng_slice_par(p_xdevicef...]
Compiling architecture synth of entity cordic_v6_0_24.cordic_eng [\cordic_eng(p_xdevicefamily="zyn...]
Compiling architecture structural of entity c_reg_fd_v12_0_10.c_reg_fd_v12_0_10_viv [\c_reg_fd_v12_0_10_viv(c_width=3...]
Compiling architecture rtl of entity c_addsub_v12_0_20.c_addsub_v12_0_20_lut6_legacy [\c_addsub_v12_0_20_lut6_legacy(c...]
Compiling architecture synth of entity c_addsub_v12_0_20.c_addsub_v12_0_20_fabric_legacy [\c_addsub_v12_0_20_fabric_legacy...]
Compiling architecture synth of entity c_addsub_v12_0_20.c_addsub_v12_0_20_legacy [\c_addsub_v12_0_20_legacy(c_fami...]
Compiling architecture synth of entity c_addsub_v12_0_20.c_addsub_v12_0_20_viv [\c_addsub_v12_0_20_viv(c_xdevice...]
Compiling architecture synth of entity cordic_v6_0_24.addsub [\addsub(family="zynq",add_mode=0...]
Compiling architecture synth of entity cordic_v6_0_24.cordic_round [\cordic_round(p_xdevicefamily="z...]
Compiling architecture synth of entity cordic_v6_0_24.cordic_out_config [\cordic_out_config(p_xdevicefami...]
Compiling architecture synth of entity cordic_v6_0_24.cordic_v6_0_24_synth [\cordic_v6_0_24_synth(c_architec...]
Compiling architecture synth of entity cordic_v6_0_24.cordic_v6_0_24_viv [\cordic_v6_0_24_viv(c_architectu...]
Compiling architecture xilinx of entity cordic_v6_0_24.cordic_v6_0_24 [\cordic_v6_0_24(c_architecture=2...]
Compiling architecture cordic_1_arch of entity xil_defaultlib.cordic_1 [cordic_1_default]
Compiling architecture synth of entity xbip_pipe_v3_0_10.xbip_pipe_v3_0_10_viv [\xbip_pipe_v3_0_10_viv(c_has_ce=...]
Compiling architecture rtl of entity floating_point_v7_0_25.delay [\delay(width=16,length=0)\]
Compiling architecture struct of entity floating_point_v7_0_25.carry_chain [\carry_chain(c_xdevicefamily="zy...]
Compiling architecture rtl of entity floating_point_v7_0_25.mux4 [\mux4(c_xdevicefamily="zynq",wid...]
Compiling architecture synth of entity xbip_pipe_v3_0_10.xbip_pipe_v3_0_10_viv [\xbip_pipe_v3_0_10_viv(c_has_ce=...]
Compiling architecture rtl of entity floating_point_v7_0_25.delay [\delay(length=0,fast_input=true)...]
Compiling architecture rtl of entity floating_point_v7_0_25.mux4 [\mux4(c_xdevicefamily="zynq",wid...]
Compiling architecture synth of entity xbip_pipe_v3_0_10.xbip_pipe_v3_0_10_viv [\xbip_pipe_v3_0_10_viv(c_has_ce=...]
Compiling architecture rtl of entity floating_point_v7_0_25.delay [\delay(width=2,length=0)\]
Compiling architecture synth of entity xbip_pipe_v3_0_10.xbip_pipe_v3_0_10_viv [\xbip_pipe_v3_0_10_viv(c_has_ce=...]
Compiling architecture rtl of entity floating_point_v7_0_25.delay [\delay(width=2,length=0,fast_inp...]
Compiling architecture struct of entity floating_point_v7_0_25.carry_chain [\carry_chain(c_xdevicefamily="zy...]
Compiling architecture synth of entity xbip_pipe_v3_0_10.xbip_pipe_v3_0_10_viv [\xbip_pipe_v3_0_10_viv(c_has_ce=...]
Compiling architecture rtl of entity floating_point_v7_0_25.delay [\delay(length=0)\]
Compiling architecture rtl of entity floating_point_v7_0_25.lead_zero_encode [\lead_zero_encode(c_xdevicefamil...]
Compiling architecture rtl of entity floating_point_v7_0_25.shift_msb_first [\shift_msb_first(a_width=16,resu...]
Compiling architecture synth of entity xbip_pipe_v3_0_10.xbip_pipe_v3_0_10_viv [\xbip_pipe_v3_0_10_viv(c_has_ce=...]
Compiling architecture rtl of entity floating_point_v7_0_25.delay [\delay(width=7,length=0)\]
Compiling architecture synth of entity xbip_pipe_v3_0_10.xbip_pipe_v3_0_10_viv [\xbip_pipe_v3_0_10_viv(c_has_ce=...]
Compiling architecture rtl of entity floating_point_v7_0_25.delay [\delay(width=8,length=0)\]
Compiling architecture struct of entity floating_point_v7_0_25.carry_chain [\carry_chain(c_xdevicefamily="zy...]
Compiling architecture struct of entity floating_point_v7_0_25.carry_chain [\carry_chain(c_xdevicefamily="zy...]
Compiling architecture synth of entity xbip_pipe_v3_0_10.xbip_pipe_v3_0_10_viv [\xbip_pipe_v3_0_10_viv(c_has_ce=...]
Compiling architecture rtl of entity floating_point_v7_0_25.delay [\delay(width=10,length=0)\]
Compiling architecture synth of entity xbip_pipe_v3_0_10.xbip_pipe_v3_0_10_viv [\xbip_pipe_v3_0_10_viv(c_has_ce=...]
Compiling architecture rtl of entity floating_point_v7_0_25.delay [\delay(width=17,length=0)\]
Compiling architecture synth of entity xbip_pipe_v3_0_10.xbip_pipe_v3_0_10_viv [\xbip_pipe_v3_0_10_viv(c_has_ce=...]
Compiling architecture rtl of entity floating_point_v7_0_25.delay [\delay(width=3,length=0)\]
Compiling architecture struct of entity floating_point_v7_0_25.carry_chain [\carry_chain(c_xdevicefamily="zy...]
Compiling architecture rtl of entity floating_point_v7_0_25.flt_round_bit [\flt_round_bit(c_xdevicefamily="...]
Compiling architecture rtl of entity floating_point_v7_0_25.renorm_and_round_logic [\renorm_and_round_logic(c_xdevic...]
Compiling architecture synth of entity floating_point_v7_0_25.fix_to_flt_conv_exp [\fix_to_flt_conv_exp(c_xdevicefa...]
Compiling architecture synth of entity xbip_pipe_v3_0_10.xbip_pipe_v3_0_10_viv [\xbip_pipe_v3_0_10_viv(c_latency...]
Compiling architecture rtl of entity floating_point_v7_0_25.delay [delay_default]
Compiling architecture synth of entity floating_point_v7_0_25.flt_dec_op [\flt_dec_op(c_xdevicefamily="zyn...]
Compiling architecture struct of entity floating_point_v7_0_25.fix_to_flt_conv [\fix_to_flt_conv(c_xdevicefamily...]
Compiling architecture synth of entity xbip_pipe_v3_0_10.xbip_pipe_v3_0_10_viv [\xbip_pipe_v3_0_10_viv(c_latency...]
Compiling architecture synth of entity xbip_pipe_v3_0_10.xbip_pipe_v3_0_10_viv [\xbip_pipe_v3_0_10_viv(c_has_ce=...]
Compiling architecture rtl of entity floating_point_v7_0_25.delay [\delay(width=23,length=0)\]
Compiling architecture xilinx of entity floating_point_v7_0_25.floating_point_v7_0_25_viv [\floating_point_v7_0_25_viv(c_xd...]
Compiling architecture synth of entity div_gen_v5_1_24.fixed_to_float [\fixed_to_float(c_xdevicefamily=...]
Compiling architecture synth of entity xbip_pipe_v3_0_10.xbip_pipe_v3_0_10_viv [\xbip_pipe_v3_0_10_viv(c_latency...]
Compiling architecture synth of entity xbip_pipe_v3_0_10.xbip_pipe_v3_0_10_viv [\xbip_pipe_v3_0_10_viv(c_latency...]
Compiling architecture synth of entity xbip_pipe_v3_0_10.xbip_pipe_v3_0_10_viv [\xbip_pipe_v3_0_10_viv(c_has_ce=...]
Compiling architecture synth of entity xbip_pipe_v3_0_10.xbip_pipe_v3_0_10_viv [\xbip_pipe_v3_0_10_viv(c_has_ce=...]
Compiling architecture synth of entity xbip_pipe_v3_0_10.xbip_pipe_v3_0_10_viv [\xbip_pipe_v3_0_10_viv(c_has_ce=...]
Compiling architecture synth of entity xbip_pipe_v3_0_10.xbip_pipe_v3_0_10_viv [\xbip_pipe_v3_0_10_viv(c_latency...]
Compiling architecture synth of entity xbip_pipe_v3_0_10.xbip_pipe_v3_0_10_viv [\xbip_pipe_v3_0_10_viv(c_latency...]
Compiling architecture synth of entity xbip_pipe_v3_0_10.xbip_pipe_v3_0_10_viv [\xbip_pipe_v3_0_10_viv(c_has_ce=...]
Compiling architecture synth of entity xbip_pipe_v3_0_10.xbip_pipe_v3_0_10_viv [\xbip_pipe_v3_0_10_viv(c_latency...]
Compiling architecture synth of entity xbip_pipe_v3_0_10.xbip_pipe_v3_0_10_viv [\xbip_pipe_v3_0_10_viv(c_has_ce=...]
Compiling architecture synth of entity xbip_pipe_v3_0_10.xbip_pipe_v3_0_10_viv [\xbip_pipe_v3_0_10_viv(c_has_ce=...]
Compiling architecture synth of entity div_gen_v5_1_24.prenormalizer [\prenormalizer(c_xdevicefamily="...]
Compiling architecture synth of entity div_gen_v5_1_24.flow_ctrl [\flow_ctrl(c_xdevicefamily="zynq...]
Compiling architecture dsp48e1_v of entity unisim.DSP48E1 [\DSP48E1(acascreg=0,adreg=0,alum...]
Compiling architecture synth of entity xbip_dsp48_wrapper_v3_0_7.xbip_dsp48e1_wrapper_v3_0 [\xbip_dsp48e1_wrapper_v3_0(acasc...]
Compiling architecture synth of entity xbip_pipe_v3_0_10.xbip_pipe_v3_0_10_viv [\xbip_pipe_v3_0_10_viv(c_latency...]
Compiling architecture synth of entity xbip_pipe_v3_0_10.xbip_pipe_v3_0_10_viv [\xbip_pipe_v3_0_10_viv(c_latency...]
Compiling architecture synth of entity xbip_pipe_v3_0_10.xbip_pipe_v3_0_10_viv [\xbip_pipe_v3_0_10_viv(c_has_ce=...]
Compiling architecture synth of entity div_gen_v5_1_24.estimator [\estimator(c_xdevicefamily="zynq...]
Compiling architecture synth of entity xbip_pipe_v3_0_10.xbip_pipe_v3_0_10_viv [\xbip_pipe_v3_0_10_viv(c_latency...]
Compiling architecture xilinx of entity mult_gen_v12_0_23.delay_line [\delay_line(c_xdevicefamily="zyn...]
Compiling architecture xilinx of entity mult_gen_v12_0_23.op_resize [\op_resize(ai_width=17,bi_width=...]
Compiling architecture xilinx of entity mult_gen_v12_0_23.dsp [\dsp(c_xdevicefamily="zynq",c_a_...]
Compiling architecture xilinx of entity mult_gen_v12_0_23.mult_gen_v12_0_23_viv [\mult_gen_v12_0_23_viv(c_verbosi...]
Compiling architecture synth of entity xbip_pipe_v3_0_10.xbip_pipe_v3_0_10_viv [\xbip_pipe_v3_0_10_viv(c_latency...]
Compiling architecture synth of entity xbip_pipe_v3_0_10.xbip_pipe_v3_0_10_viv [\xbip_pipe_v3_0_10_viv(c_has_ce=...]
Compiling architecture synth of entity xbip_pipe_v3_0_10.xbip_pipe_v3_0_10_viv [\xbip_pipe_v3_0_10_viv(c_latency...]
Compiling architecture synth of entity xbip_pipe_v3_0_10.xbip_pipe_v3_0_10_viv [\xbip_pipe_v3_0_10_viv(c_has_ce=...]
Compiling architecture synth of entity xbip_pipe_v3_0_10.xbip_pipe_v3_0_10_viv [\xbip_pipe_v3_0_10_viv(c_has_ce=...]
Compiling architecture dsp48e1_v of entity unisim.DSP48E1 [\DSP48E1(acascreg=0,adreg=0,alum...]
Compiling architecture synth of entity xbip_dsp48_wrapper_v3_0_7.xbip_dsp48e1_wrapper_v3_0 [\xbip_dsp48e1_wrapper_v3_0(acasc...]
Compiling architecture dsp48e1_v of entity unisim.DSP48E1 [\DSP48E1(acascreg=0,adreg=0,alum...]
Compiling architecture synth of entity xbip_dsp48_wrapper_v3_0_7.xbip_dsp48e1_wrapper_v3_0 [\xbip_dsp48e1_wrapper_v3_0(preg=...]
Compiling architecture synth of entity div_gen_v5_1_24.add_mult_add [\add_mult_add(c_xdevicefamily="z...]
Compiling architecture synth of entity xbip_pipe_v3_0_10.xbip_pipe_v3_0_10_viv [\xbip_pipe_v3_0_10_viv(c_latency...]
Compiling architecture synth of entity xbip_pipe_v3_0_10.xbip_pipe_v3_0_10_viv [\xbip_pipe_v3_0_10_viv(c_has_ce=...]
Compiling architecture synth of entity xbip_pipe_v3_0_10.xbip_pipe_v3_0_10_viv [\xbip_pipe_v3_0_10_viv(c_has_ce=...]
Compiling architecture synth of entity div_gen_v5_1_24.iterative_unit [\iterative_unit(c_xdevicefamily=...]
Compiling architecture synth of entity xbip_pipe_v3_0_10.xbip_pipe_v3_0_10_viv [\xbip_pipe_v3_0_10_viv(c_has_ce=...]
Compiling architecture synth of entity div_gen_v5_1_24.quot_addsub [\quot_addsub(c_xdevicefamily="zy...]
Compiling architecture synth of entity div_gen_v5_1_24.quotient_collector [\quotient_collector(c_xdevicefam...]
Compiling architecture synth of entity div_gen_v5_1_24.hrdiv_viv [\hrdiv_viv(c_xdevicefamily="zynq...]
Compiling architecture synth of entity div_gen_v5_1_24.div_gen_synth [\div_gen_synth(c_xdevicefamily="...]
Compiling architecture synth of entity xbip_pipe_v3_0_10.xbip_pipe_v3_0_10_viv [\xbip_pipe_v3_0_10_viv(c_latency...]
Compiling architecture synth of entity div_gen_v5_1_24.div_gen_v5_1_24_viv [\div_gen_v5_1_24_viv(c_xdevicefa...]
Compiling architecture xilinx of entity div_gen_v5_1_24.div_gen_v5_1_24 [\div_gen_v5_1_24(c_xdevicefamily...]
Compiling architecture div_gen_0_arch of entity xil_defaultlib.div_gen_0 [div_gen_0_default]
Compiling module xil_defaultlib.IFM
Compiling module xil_defaultlib.TopModule_IFM
Compiling module xil_defaultlib.ThresholdDetector_tb
Compiling module xil_defaultlib.glbl
Built simulation snapshot ThresholdDetector_tb_behav
