--------------------------------------------------------------------------------
Vitis Model Composer 6134165 2025.1 Thu May 15 15:44:55 MDT 2025 
--------------------------------------------------------------------------------
Model Composer: C:/Xilinx/2025.1/Model_Composer
Vivado: C:/Xilinx/2025.1/Vivado
Vitis: C:/Xilinx/2025.1/Vitis
--------------------------------------------------------------------------------
--------------------------------------------------------------------------------
Generating code for IFM

--------------------------------------------------------------------------------
Summary of Errors:
Error 0001: ERROR: An error occurred when creating the Vivado project...
     Block: Unspecified
--------------------------------------------------------------------------------

Error 0001:

Reported by:
  Unspecified

Details:
ERROR: An error occurred when creating the Vivado project.
error copying "{C:/Users/fsydere/Workspace/IFM/Model
Composer/netlist/ip/IFM/src/sysgen/ifm_clock.xdc}": no such file
or directory
INFO: [Common 17-206] Exiting Vivado at Sun Jul  6 22:09:39 2025...
... 

For more information please refer to
'C:/Users/fsydere/Workspace/IFM/Model Composer/netlist/ip/IFM/src/vivado.log'

--------------------------------------------------------------------------------
