
*** Running vivado
    with args -log IFM_bd_wrapper.vds -m64 -product Vivado -mode batch -messageDb vivado.pb -notrace -source IFM_bd_wrapper.tcl



****** Vivado v2025.1 (64-bit)
  **** SW Build 6140274 on Thu May 22 00:12:29 MDT 2025
  **** IP Build 6138677 on Thu May 22 03:10:11 MDT 2025
  **** SharedData Build 6139179 on Tue May 20 17:58:58 MDT 2025
  **** Start of session at: Thu Jul 10 18:25:43 2025
    ** Copyright 1986-2022 Xilinx, Inc. All Rights Reserved.
    ** Copyright 2022-2025 Advanced Micro Devices, Inc. All Rights Reserved.

source IFM_bd_wrapper.tcl -notrace
INFO: [IP_Flow 19-234] Refreshing IP repositories
INFO: [IP_Flow 19-1700] Loaded user IP repository 'c:/Users/fsydere/Workspace/IFM/Model_Composer/netlist/ip/IFM/src/ip'.
WARNING: [IP_Flow 19-3656] If you move the project, the path for repository 'c:/Users/fsydere/Workspace/IFM/Model_Composer/netlist/ip/IFM/src/ip' may become invalid. A better location for the repository would be in a path adjacent to the project. (Current project location is 'c:/Users/fsydere/Workspace/IFM/Model_Composer/netlist/ip/IFM/src/ip_catalog/ifm.runs/synth_1'.)
INFO: [IP_Flow 19-2313] Loaded Vivado IP repository 'C:/Xilinx/2025.1/Vivado/data/ip'.
WARNING: [IP_Flow 19-4995] The host OS only allows 260 characters in a normal path. The IP cache path is more than 80 characters. If you experience issues with IP caching, please consider changing the IP cache to a location with a shorter path. Alternately consider using the OS subst command to map part of the path to a drive letter. 
Current IP cache path is c:/Users/fsydere/Workspace/IFM/Model_Composer/netlist/ip/IFM/src/ip_catalog/ifm.cache/ip 
Command: synth_design -top IFM_bd_wrapper -part xczu9eg-ffvb1156-2-e -mode out_of_context
Starting synth_design
Attempting to get a license for feature 'Synthesis' and/or device 'xczu9eg'
INFO: [Common 17-349] Got license for feature 'Synthesis' and/or device 'xczu9eg'
INFO: [Device 21-403] Loading part xczu9eg-ffvb1156-2-e
INFO: [Synth 8-7079] Multithreading enabled for synth_design using a maximum of 2 processes.
INFO: [Synth 8-7078] Launching helper process for spawning children vivado processes
INFO: [Synth 8-7075] Helper process launched with PID 16704
---------------------------------------------------------------------------------
Starting RTL Elaboration : Time (s): cpu = 00:00:03 ; elapsed = 00:00:03 . Memory (MB): peak = 1755.535 ; gain = 212.020
---------------------------------------------------------------------------------
INFO: [Synth 8-6157] synthesizing module 'IFM_bd_wrapper' [C:/Users/fsydere/Workspace/IFM/Model_Composer/netlist/ip/IFM/src/ip_catalog/ifm.srcs/sources_1/imports/hdl/IFM_bd_wrapper.v:13]
INFO: [Synth 8-6157] synthesizing module 'IFM_bd' [c:/Users/fsydere/Workspace/IFM/Model_Composer/netlist/ip/IFM/src/ip_catalog/ifm.gen/sources_1/bd/IFM_bd/synth/IFM_bd.v:13]
INFO: [Synth 8-6157] synthesizing module 'IFM_bd_IFM_1_0' [C:/Users/fsydere/Workspace/IFM/Model_Composer/netlist/ip/IFM/src/ip_catalog/ifm.runs/synth_1/.Xil/Vivado-5228-DESKTOP-5G0J4EJ/realtime/IFM_bd_IFM_1_0_stub.v:6]
INFO: [Synth 8-6155] done synthesizing module 'IFM_bd_IFM_1_0' (0#1) [C:/Users/fsydere/Workspace/IFM/Model_Composer/netlist/ip/IFM/src/ip_catalog/ifm.runs/synth_1/.Xil/Vivado-5228-DESKTOP-5G0J4EJ/realtime/IFM_bd_IFM_1_0_stub.v:6]
INFO: [Synth 8-6155] done synthesizing module 'IFM_bd' (0#1) [c:/Users/fsydere/Workspace/IFM/Model_Composer/netlist/ip/IFM/src/ip_catalog/ifm.gen/sources_1/bd/IFM_bd/synth/IFM_bd.v:13]
INFO: [Synth 8-6155] done synthesizing module 'IFM_bd_wrapper' (0#1) [C:/Users/fsydere/Workspace/IFM/Model_Composer/netlist/ip/IFM/src/ip_catalog/ifm.srcs/sources_1/imports/hdl/IFM_bd_wrapper.v:13]
---------------------------------------------------------------------------------
Finished RTL Elaboration : Time (s): cpu = 00:00:04 ; elapsed = 00:00:04 . Memory (MB): peak = 1868.656 ; gain = 325.141
---------------------------------------------------------------------------------
---------------------------------------------------------------------------------
Start Handling Custom Attributes
---------------------------------------------------------------------------------
---------------------------------------------------------------------------------
Finished Handling Custom Attributes : Time (s): cpu = 00:00:04 ; elapsed = 00:00:04 . Memory (MB): peak = 1868.656 ; gain = 325.141
---------------------------------------------------------------------------------
---------------------------------------------------------------------------------
Finished RTL Optimization Phase 1 : Time (s): cpu = 00:00:04 ; elapsed = 00:00:04 . Memory (MB): peak = 1868.656 ; gain = 325.141
---------------------------------------------------------------------------------
Netlist sorting complete. Time (s): cpu = 00:00:00 ; elapsed = 00:00:00.002 . Memory (MB): peak = 1868.656 ; gain = 0.000
INFO: [Project 1-570] Preparing netlist for logic optimization

Processing XDC Constraints
Initializing timing engine
Parsing XDC File [c:/Users/fsydere/Workspace/IFM/Model_Composer/netlist/ip/IFM/src/ip_catalog/ifm.gen/sources_1/bd/IFM_bd/ip/IFM_bd_IFM_1_0/IFM_bd_IFM_1_0/IFM_0_in_context.xdc] for cell 'IFM_bd_i/IFM_1'
Finished Parsing XDC File [c:/Users/fsydere/Workspace/IFM/Model_Composer/netlist/ip/IFM/src/ip_catalog/ifm.gen/sources_1/bd/IFM_bd/ip/IFM_bd_IFM_1_0/IFM_bd_IFM_1_0/IFM_0_in_context.xdc] for cell 'IFM_bd_i/IFM_1'
Parsing XDC File [C:/Users/fsydere/Workspace/IFM/Model_Composer/netlist/ip/IFM/src/ip_catalog/ifm.srcs/constrs_1/imports/sysgen/ifm_clock.xdc]
WARNING: [Vivado 12-2489] -period contains time 3.333333 which will be rounded to 3.333 to ensure it is an integer multiple of 1 picosecond [C:/Users/fsydere/Workspace/IFM/Model_Composer/netlist/ip/IFM/src/ip_catalog/ifm.srcs/constrs_1/imports/sysgen/ifm_clock.xdc:1]
Finished Parsing XDC File [C:/Users/fsydere/Workspace/IFM/Model_Composer/netlist/ip/IFM/src/ip_catalog/ifm.srcs/constrs_1/imports/sysgen/ifm_clock.xdc]
Parsing XDC File [C:/Users/fsydere/Workspace/IFM/Model_Composer/netlist/ip/IFM/src/ip_catalog/ifm.srcs/constrs_1/imports/sysgen/ifm.xdc]
Finished Parsing XDC File [C:/Users/fsydere/Workspace/IFM/Model_Composer/netlist/ip/IFM/src/ip_catalog/ifm.srcs/constrs_1/imports/sysgen/ifm.xdc]
Parsing XDC File [C:/Users/fsydere/Workspace/IFM/Model_Composer/netlist/ip/IFM/src/ip_catalog/ifm.runs/synth_1/dont_touch.xdc]
Finished Parsing XDC File [C:/Users/fsydere/Workspace/IFM/Model_Composer/netlist/ip/IFM/src/ip_catalog/ifm.runs/synth_1/dont_touch.xdc]
Completed Processing XDC Constraints

Netlist sorting complete. Time (s): cpu = 00:00:00 ; elapsed = 00:00:00 . Memory (MB): peak = 1880.113 ; gain = 0.000
INFO: [Project 1-111] Unisim Transformation Summary:
No Unisim elements were transformed.

Constraint Validation Runtime : Time (s): cpu = 00:00:00 ; elapsed = 00:00:00.011 . Memory (MB): peak = 1880.113 ; gain = 0.000
---------------------------------------------------------------------------------
Finished Constraint Validation : Time (s): cpu = 00:00:11 ; elapsed = 00:00:11 . Memory (MB): peak = 1880.113 ; gain = 336.598
---------------------------------------------------------------------------------
---------------------------------------------------------------------------------
Start Loading Part and Timing Information
---------------------------------------------------------------------------------
Loading part: xczu9eg-ffvb1156-2-e
INFO: [Synth 8-6742] Reading net delay rules and data
---------------------------------------------------------------------------------
Finished Loading Part and Timing Information : Time (s): cpu = 00:00:11 ; elapsed = 00:00:11 . Memory (MB): peak = 1880.113 ; gain = 336.598
---------------------------------------------------------------------------------
---------------------------------------------------------------------------------
Start Applying 'set_property' XDC Constraints
---------------------------------------------------------------------------------
---------------------------------------------------------------------------------
Finished applying 'set_property' XDC Constraints : Time (s): cpu = 00:00:11 ; elapsed = 00:00:11 . Memory (MB): peak = 1880.113 ; gain = 336.598
---------------------------------------------------------------------------------
---------------------------------------------------------------------------------
Finished RTL Optimization Phase 2 : Time (s): cpu = 00:00:11 ; elapsed = 00:00:11 . Memory (MB): peak = 1880.113 ; gain = 336.598
---------------------------------------------------------------------------------
---------------------------------------------------------------------------------
Start RTL Component Statistics 
---------------------------------------------------------------------------------
Detailed RTL Component Info : 
---------------------------------------------------------------------------------
Finished RTL Component Statistics 
---------------------------------------------------------------------------------
---------------------------------------------------------------------------------
Start Part Resource Summary
---------------------------------------------------------------------------------
Part Resources:
DSPs: 2520 (col length:168)
BRAMs: 1824 (col length: RAMB18 168 RAMB36 84)
---------------------------------------------------------------------------------
Finished Part Resource Summary
---------------------------------------------------------------------------------
---------------------------------------------------------------------------------
Start Cross Boundary and Area Optimization
---------------------------------------------------------------------------------
WARNING: [Synth 8-7080] Parallel synthesis criteria is not met
---------------------------------------------------------------------------------
Finished Cross Boundary and Area Optimization : Time (s): cpu = 00:00:12 ; elapsed = 00:00:12 . Memory (MB): peak = 1883.672 ; gain = 340.156
---------------------------------------------------------------------------------
---------------------------------------------------------------------------------
Start Applying XDC Timing Constraints
---------------------------------------------------------------------------------
---------------------------------------------------------------------------------
Finished Applying XDC Timing Constraints : Time (s): cpu = 00:00:17 ; elapsed = 00:00:18 . Memory (MB): peak = 2593.109 ; gain = 1049.594
---------------------------------------------------------------------------------
---------------------------------------------------------------------------------
Start Timing Optimization
---------------------------------------------------------------------------------
---------------------------------------------------------------------------------
Finished Timing Optimization : Time (s): cpu = 00:00:17 ; elapsed = 00:00:18 . Memory (MB): peak = 2593.184 ; gain = 1049.668
---------------------------------------------------------------------------------
---------------------------------------------------------------------------------
Start Technology Mapping
---------------------------------------------------------------------------------
---------------------------------------------------------------------------------
Finished Technology Mapping : Time (s): cpu = 00:00:17 ; elapsed = 00:00:18 . Memory (MB): peak = 2602.746 ; gain = 1059.230
---------------------------------------------------------------------------------
---------------------------------------------------------------------------------
Start IO Insertion
---------------------------------------------------------------------------------
---------------------------------------------------------------------------------
Start Flattening Before IO Insertion
---------------------------------------------------------------------------------
---------------------------------------------------------------------------------
Finished Flattening Before IO Insertion
---------------------------------------------------------------------------------
---------------------------------------------------------------------------------
Start Final Netlist Cleanup
---------------------------------------------------------------------------------
---------------------------------------------------------------------------------
Finished Final Netlist Cleanup
---------------------------------------------------------------------------------
---------------------------------------------------------------------------------
Finished IO Insertion : Time (s): cpu = 00:00:19 ; elapsed = 00:00:20 . Memory (MB): peak = 2837.910 ; gain = 1294.395
---------------------------------------------------------------------------------
---------------------------------------------------------------------------------
Start Renaming Generated Instances
---------------------------------------------------------------------------------
---------------------------------------------------------------------------------
Finished Renaming Generated Instances : Time (s): cpu = 00:00:19 ; elapsed = 00:00:20 . Memory (MB): peak = 2837.910 ; gain = 1294.395
---------------------------------------------------------------------------------
---------------------------------------------------------------------------------
Start Rebuilding User Hierarchy
---------------------------------------------------------------------------------
---------------------------------------------------------------------------------
Finished Rebuilding User Hierarchy : Time (s): cpu = 00:00:19 ; elapsed = 00:00:20 . Memory (MB): peak = 2837.910 ; gain = 1294.395
---------------------------------------------------------------------------------
---------------------------------------------------------------------------------
Start Renaming Generated Ports
---------------------------------------------------------------------------------
---------------------------------------------------------------------------------
Finished Renaming Generated Ports : Time (s): cpu = 00:00:19 ; elapsed = 00:00:20 . Memory (MB): peak = 2837.910 ; gain = 1294.395
---------------------------------------------------------------------------------
---------------------------------------------------------------------------------
Start Handling Custom Attributes
---------------------------------------------------------------------------------
---------------------------------------------------------------------------------
Finished Handling Custom Attributes : Time (s): cpu = 00:00:19 ; elapsed = 00:00:20 . Memory (MB): peak = 2837.910 ; gain = 1294.395
---------------------------------------------------------------------------------
---------------------------------------------------------------------------------
Start Renaming Generated Nets
---------------------------------------------------------------------------------
---------------------------------------------------------------------------------
Finished Renaming Generated Nets : Time (s): cpu = 00:00:19 ; elapsed = 00:00:20 . Memory (MB): peak = 2837.910 ; gain = 1294.395
---------------------------------------------------------------------------------
---------------------------------------------------------------------------------
Start Writing Synthesis Report
---------------------------------------------------------------------------------

Report BlackBoxes: 
+------+---------------+----------+
|      |BlackBox name  |Instances |
+------+---------------+----------+
|1     |IFM_bd_IFM_1_0 |         1|
+------+---------------+----------+

Report Cell Usage: 
+------+-------------+------+
|      |Cell         |Count |
+------+-------------+------+
|1     |IFM_bd_IFM_1 |     1|
+------+-------------+------+
---------------------------------------------------------------------------------
Finished Writing Synthesis Report : Time (s): cpu = 00:00:19 ; elapsed = 00:00:20 . Memory (MB): peak = 2837.910 ; gain = 1294.395
---------------------------------------------------------------------------------
Synthesis finished with 0 errors, 0 critical warnings and 1 warnings.
Synthesis Optimization Runtime : Time (s): cpu = 00:00:12 ; elapsed = 00:00:16 . Memory (MB): peak = 2837.910 ; gain = 1282.938
Synthesis Optimization Complete : Time (s): cpu = 00:00:19 ; elapsed = 00:00:20 . Memory (MB): peak = 2837.910 ; gain = 1294.395
INFO: [Project 1-571] Translating synthesized netlist
Netlist sorting complete. Time (s): cpu = 00:00:00 ; elapsed = 00:00:00.003 . Memory (MB): peak = 2837.910 ; gain = 0.000
INFO: [Project 1-570] Preparing netlist for logic optimization
INFO: [Opt 31-138] Pushed 0 inverter(s) to 0 load pin(s).
Netlist sorting complete. Time (s): cpu = 00:00:00 ; elapsed = 00:00:00 . Memory (MB): peak = 2837.910 ; gain = 0.000
INFO: [Project 1-111] Unisim Transformation Summary:
No Unisim elements were transformed.

Synth Design complete | Checksum: 447ad30a
INFO: [Common 17-83] Releasing license: Synthesis
22 Infos, 4 Warnings, 0 Critical Warnings and 0 Errors encountered.
synth_design completed successfully
synth_design: Time (s): cpu = 00:00:22 ; elapsed = 00:00:27 . Memory (MB): peak = 2837.910 ; gain = 2284.992
INFO: [Common 17-1381] The checkpoint 'C:/Users/fsydere/Workspace/IFM/Model_Composer/netlist/ip/IFM/src/ip_catalog/ifm.runs/synth_1/IFM_bd_wrapper.dcp' has been generated.
INFO: [Vivado 12-24828] Executing command : report_utilization -file IFM_bd_wrapper_utilization_synth.rpt -pb IFM_bd_wrapper_utilization_synth.pb
INFO: [Common 17-206] Exiting Vivado at Thu Jul 10 18:26:15 2025...
